<?xml version="1.0" encoding="UTF-8"?>
<testsuite name="com.magic.cabinvoicegenerator.cabInvoiceGeneratorTest" tests="4" skipped="0" failures="0" errors="0" timestamp="2021-06-17T18:25:16" hostname="DESKTOP-0RG9E2N" time="0.102">
  <properties/>
  <testcase name="multipleRidesTest()" classname="com.magic.cabinvoicegenerator.cabInvoiceGeneratorTest" time="0.06"/>
  <testcase name="calculateFareTest()" classname="com.magic.cabinvoicegenerator.cabInvoiceGeneratorTest" time="0.004"/>
  <testcase name="invoiceServiceTest()" classname="com.magic.cabinvoicegenerator.cabInvoiceGeneratorTest" time="0.012"/>
  <testcase name="enhancedInvoiceTest()" classname="com.magic.cabinvoicegenerator.cabInvoiceGeneratorTest" time="0.006"/>
  <system-out><![CDATA[]]></system-out>
  <system-err><![CDATA[]]></system-err>
</testsuite>
