<?xml version="1.0" encoding="UTF-8"?>
<testsuite name="com.magic.cabinvoicegenerator.cabInvoiceGeneratorTest" tests="2" skipped="0" failures="0" errors="0" timestamp="2021-06-16T08:36:39" hostname="DESKTOP-0RG9E2N" time="0.119">
  <properties/>
  <testcase name="multipleRidesTest()" classname="com.magic.cabinvoicegenerator.cabInvoiceGeneratorTest" time="0.111"/>
  <testcase name="calculateFareTest()" classname="com.magic.cabinvoicegenerator.cabInvoiceGeneratorTest" time="0.004"/>
  <system-out><![CDATA[]]></system-out>
  <system-err><![CDATA[]]></system-err>
</testsuite>
