<?xml version="1.0" encoding="UTF-8"?>
<testsuite name="com.magic.cabinvoicegenerator.cabInvoiceGeneratorTest" tests="3" skipped="0" failures="0" errors="0" timestamp="2021-06-17T18:01:40" hostname="DESKTOP-0RG9E2N" time="0.177">
  <properties/>
  <testcase name="multipleRidesTest()" classname="com.magic.cabinvoicegenerator.cabInvoiceGeneratorTest" time="0.097"/>
  <testcase name="calculateFareTest()" classname="com.magic.cabinvoicegenerator.cabInvoiceGeneratorTest" time="0.022"/>
  <testcase name="enhancedInvoiceTest()" classname="com.magic.cabinvoicegenerator.cabInvoiceGeneratorTest" time="0.032"/>
  <system-out><![CDATA[]]></system-out>
  <system-err><![CDATA[]]></system-err>
</testsuite>
